[    00000 Itilizi cgrp bsysput
[   0000] itiazi cgrp bsyspu
[  0.0000Inialiing roupubs cpcc
[    00000] nu verion 4.0-1-gericbudd@ly0-amd-08)gcversio5..0 26009 (un 5.40-butu1~.09) )14Ubun SMP Wd My 1300: UC 20 (bunt4.0-1214-genic.4.1)
[  0000] mmanli: BO_IGE=/otmlin-4.0-1-gnerc ot=UU=c4233-84-f5a04-2524ad65o onso=ty1 cso=tty
   0.000 KERL uppoedpus:[   0.000]  ntl GeinInte
[  0.0000  MDutheicMD[   0.00]   ntr Ceauauls[   0.000]x86/u:xste_oset[: 576,stte_ses]:  6[   .00000x8fpu:uprtinXSVE atre 0x0 '87fltig point regisrrs'[   0.000] x8/f: uppoinXSAV ftue 0x2:SS regsts'
[    00000 x86fp SpporinXSVE fate x04:AV reisrs
[  00000] 86pu: nabled xstate features 0x7, context size is 832 bytes, using 'standard' format.
[    0.000000] x86/fpu: Using 'lazy' FPU context switches.
[    0.000000] e820: BIOS-provided physical RAM map:
[    0.000000] BIOS-e820: [mem 0x0000000000000000-0x000000000009fbff] usable
[    0.000000] BIOS-e820: [mem 0x000000000009fc00-0x000000000009ffff] reserved
[    0.000000] BIOS-e820: [mem 0x00000000000f0000-0x00000000000fffff] reserved
[    0.000000] BIOS-e820: [mem 0x0000000000100000-0x000000003ffeffff] usable
[    0.000000] BIOS-e820: [mem 0x000000003fff0000-0x000000003fffffff] ACPI data
[    0.000000] BIOS-e820: [mem 0x00000000fec00000-x0000000fec00fff] reserved
[    0.000000] BIOS-e820: [mem 0x00000000fee00000-0x00000000fee00fff] reserved
[    0.000000] BIOS-e820: [mem 0x00000000fffc0000-0x00000000ffffffff] reserved
[    0.000000] NX (Execute Disable) protection: active
[    0.000000] SMBIOS 2.5 present.
[    0.000000] Hypervisor detected: KVM
[    0.000000] e820: last_pfn = 0x3fff0 max_arch_pfn = 0x400000000
[    0.000000] TR Dsabed
[   0.000000] x86/PAT: MTRRs disabled, skipping PAT initialization too.
[    0.000000] PUMTs all bnk virtulid yste.[    0.000000] x86/PAT: Configuration [0-7]: WB  WT  UC-UC  WB  WT  UC- UC  
[    0.000000] found SMP MP-table at [mem 0x0009fff0-0x0009fff] appd t [ff880009ff0]
[   00000] Scnig  ares r owmery corupon
[    000000] RAMDIS: em 0x320000-0x70ff]
[  00000] CPI:Earltae checksum erfiaton disabled
[    0.000000] ACPI: RSDP 00x00000000000E0000 000024 (v02 VBOX  )
[    0.000000] ACPI: XSDT 0x000000003FFF0030 00003C (v01 VBOX   VBOXXSDT 00000001 ASL  00000061)
[    0.000000] ACPI: FACP 0x000000003FFF00F0 0000F4 (v04 VBOX   VBOXFACP 00000001 ASL  00000061)
  0.0000 ACPI: DSDT 0x000000003FFF0470 0021FF (v02 VBOX   VBOXBIOS 00000002 INTL 20100528)
[    0.000000] ACPI: FACS 0x000000003FFF0200 000040
[    0.000000] ACPI: FACS 0x000000003FFF0200 000040
[    0.000000] ACPI: APIC 0x000000003FFF0240 00005C (v02 VBOX   VBOXAPIC 00000001 ASL  00000061)
[    0.000000] ACPI: SSDT 0x000000003FFF02A0 0001CC (v01 VBOX   VBOXCPUT 00000002 INTL 20100528)
[    0.000000] No NUMA configuration found
[    0.000000] Faking a node at [mem 0x0000000000000000-0x000000003ffeffff]
[    0.000000] NODE_DATA(0) allocated [mem 0x3ffeb000-0x3ffeffff]
[    0.000000] kvm-clock: Using msrs 4b564d01 and 4b564d00
[    0.000000] kvm-clock: cpu 0, msr 0:3ffe3001, primary cpu clock
[    0.000000] kvm-clock: using sched offset of 4215694768 cycles
[    0.000000] clocksource: kvm-clock: mask: 0xffffffffffffffff max_cycles: 0x1cd42e4dffb, max_idle_ns: 881590591483 ns
[    0.000000] Zone ranges:
[    0.000000]   DMA      [mem 0x0000000000001000-0x0000000000ffffff]
[    0.000000]   DMA32    [mem 0x0000000001000000-0x000000003ffeffff]
[    0.000000]   Normal   empty
[    0.000000]   Device   empty
[    0.000000] Movable zone start for each node
[    0.000000] Early memory node ranges
[    0.000000]   node   0: [mem 0x0000000000001000-0x000000000009efff]
[    0.000000]   node   0: [mem 0x0000000000100000-0x000000003ffeffff]
[    0.000000] Initmem setup node 0[mem 00000000010-x0000003efff][   0.000] CPI: P-TerIO Prt0x008[  0.000] OAPI[0 aic_i 2vesion32adressxf0000, I 0-23
[  000000]CP: INT_SRC_OVR (bus 0 bus_irq 0 global_irq 2 dfl dfl)
[    0.000000] ACPI: INT_SRC_OVR (bus 0 bus_irq 9 global_irq 9 low level)
[    0.000000] Using ACPI (MADT) for SMP configuration infmaio
[   0.0000] smpbotAlowng CUs,  htpug Cs[   .0000] P Risteednoav memor [em0x00000-0000fff
  0.0000] : Reisre nosae moy: [me 000f000-x09fff][  0.000] M: Rgierd nosave memory: [mem 0x000a0000-0x000effff]
[    0.000000] PM: Regiteednosavemery [m 0000f000-00ffff]    0000] e80: [mem 0x40000000-0xfebfffff] available for PCI devices
[    0.000000] Booting paravirtualized kernel on KVM
[    0.000000] clocksource: refined-jiffies: mask: 0xffffffff max_cycles: 0xffffffff, max_idle_ns: 7645519600211568 ns
[    0.000000] setup_percpu: NR_CPUS:512 nr_cpumask_bits:512 nr_cpu_ids:2 nr_node_ids:1
[    0.000000] PERCPU: Embedded 34 pages/cpu @ffff88003fc00000 s99544 r8192 d31528 u1048576
[    0.00000 PV spnlock astale etrs:256 orr:0, 496 bte
[   0.000] Buit  znelists i Ne order mobitgroupig n.Tota pes 25712[   0.0000 Policy zone: DMA32
[    0.000000] Kernel command line: BOOT_IMAGE=/boot/vmlinuz-4.4.0-124-genericro=UUI=c423e-8c4f5-a08-2b293ad5  cnsoltt conolttS0
  0.0000]IDhashtae ntie 496 (rdr: 3 3768 yt)
[  .00000 Mor: 978K10481K ailae 532Kkeelcode 113K rwdata, 3996K rodata, 1508K iit, 1316K bss, 50912K reserved, 0K cma-resered
[    0.000]SLUB:HWlin=4, Order=0-3, Minbjts=0, CPUs=2, Nodes=1
[    0.000000] Kernel/User page tables isolation: enabled
[    0.000000] Hierarchical RCU implemntion.
  0.0000] uid-ime ajumentofea fanutto64.
[  00000] CUrestctngCPs omNR_CUS12to ncpids=2.[   0.000]RCU:Adstng geometry for rcu_fanout_leaf=64, nr_cpu_ids=2
[    0.000000] NR_IRQS:33024 nr_irqs:440 16
[    0.000000] Console: colour VGA+ 80x25
[    0.000000] console [tty1] enabled
[   .00000 csoe [tS0 eabled[  0.000000] tsc: Detected 2394.460 MHz processor
[   12.532199] Calibrating delay loop (skipped) preset value.. 4788.92 BogoMIPS (lpj=9577840)
[   12.667948] pid_max: default: 32768 minimum: 301
[   12.756022] ACPI: Core revision 20150930
[   12.770313] ACPI: 2 ACPI AML tables successfully acquired and loaded
[   12.801841] Security Framework initialized
[   12.803252] Yama: becoming mindful.
[   12.833061] AppArmor: AppArmor initialized
[   12.861091] Dentry cache hash table entries: 131072 (order: 8, 1048576 bytes)
[   12.881788] Inode-cache hash table entries: 65536 (order: 7, 524288 bytes)
[   12.962175] Mount-cache hash table entries: 2048 (order: 2, 16384 bytes)
[   13.051608] Mountpoint-cache hash table entries: 2048 (order: 2, 16384 bytes)
[   13.140571] Initializing cgroup subsys io
[   13.199934] Initializing cgroup subsys memory
[   13.278029] Initializing cgroup subsys devices
[   13.352323] Initializing cgroup subsys freezer
[   13.384799] Initializing cgroup subsys net_cls
[   13.385799] Initializing cgroup subsys perf_event
[   13.386866] Initializing cgroup subsys net_prio
[   13.387905] Initializing cgroup subsys hugetlb
[   13.388933] Initializing cgroup subsys pids
[   13.389998] CPU: Physical Processor ID: 0
[   13.401493] CPU: Processsr Core ID: 0
[   13.460039] FEATURE SPEC_CTRL Not Present
[   13.521252] mce: CPU supports 0 MCE banks
[   13.572827] Last level iTLB entries: 4KB 64, 2MB 8, 4MB 8
[   13.648541] Last level dTLB entries: 4KB 64, 2MB 0, 4MB 0, 1GB 4
[   13.654423] Spectre V2 mitigation: Mitigation: Full generic retpoline
[   13.737164] Spectre V2 mitigation: Speculation control IBPB not-supported IBRS not-supported
[   13.836278] Freeing SMP alternatives memory: 32K
[   13.945312] ftrace: allocating 32202 entries in 126 pages
[   14.135678] smpboot: APIC(0) Converting physical 0 to logical package 0
[   14.258309] smpboot: Max logical packages: 1
[   14.346384] x2apic enabled
[   14.404848] Switched APIC routing to physical x2apic.
[   14.418209] ..TIMER: vector=0x30 apic1=0 pin1=2 apic2=-1 pin2=-1
[   14.540093] smpboot: CPU0: Intel(R) Core(TM) i7-5500U CPU @ 2.40GHz (family: 0x6, model: 0x3d, stepping: 0x4)
[   14.760121] Performance Events: unsupported p6 CPU model 61 no PMU driver, software events only.
[   14.861272] KVM setup paravirtual spinlock
[   14.888126] x86: Booting SMP configuration:
[   14.961550] .... node  #0, CPUs:      #1
[   15.023200] kvm-clock: cpu 1, msr 0:3ffe3041, secondary cpu clock
[   15.046549] mce: CPU supports 0 MCE banks
[   15.050357] x86: Booted up 1 node, 2 CPUs
[   15.088373] smpboot: Total of 2 processors activated (9577.84 BogoMIPS)
[   15.204006] devtmpfs: initialized
[   15.265204] evm: security.selinux
[   15.316552] evm: security.SMACK64
[   15.368316] evm: security.SMACK64EXEC
[   15.429664] evm: security.SMACK64TRANSMUTE
[   15.489550] evm: security.SMACK64MMAP
[   15.500851] evm: security.ima
[   15.528744] evm: security.capability
[   15.532480] clocksource: jiffies: mask: 0xffffffff max_cycles: 0xffffffff, max_idle_ns: 7645041785100000 ns
[   15.546058] futex hash table entries: 512 (order: 3, 32768 bytes)
[   15.554812] pinctrl core: initialized pinctrl subsystem
[   15.565434] RTC time: 13:35:03, date: 05/24/18
[   15.594468] NET: Registered protocol family 16
[   15.709027] cpuidle: using governor ladder
[   15.743598] cpuidle: using governor menu
[   15.770556] PCCT header not found.
[   15.813461] ACPI: bus type PCI registered
[   15.859204] acpiphp: ACPI Hot Plug PCI Controller Driver version: 0.5
[   15.941174] PCI: Using configuration type 1 for base access
[   16.033308] ACPI: Added _OSI(Module Device)
[   16.080433] ACPI: Added _OSI(Processor Device)
[   16.162070] ACPI: Added _OSI(3.0 _SCP Extensions)
[   16.165436] ACPI: Added _OSI(Processor Aggregator Device)
[   16.174154] ACPI: Executed 1 blocks of module-level executable AML code
[   16.178136] ACPI: Interpreter enabled
[   16.179043] ACPI: (supports S0 S5)
[   16.196362] ACPI: Using IOAPIC for interrupt routing
[   16.197729] PCI: Using host bridge windows from ACPI; if necessary, use "pci=nocrs" and report a bug
[   16.210840] ACPI: PCI Root Bridge [PCI0] (domain 0000 [bus 00-ff])
[   16.212134] acpi PNP0A03:00: _OSC: OS supports [ASPM ClockPM Segments MSI]
[   11.276446] acpi PNP0A03:00: _OSC: not requesting OS control; OS requires [ExtendedConfig ASPM ClockPM MSI]
[   16.417620] acpi PNP0A03:00: fail to add MMCONFIG information, can't access extended PCI configuration space under this bridge.
[   16.473987] PCI host bridge to bus 0000:00
[   16.475311] pci_bus 0000:00: root bus resource [io  0x0000-0x0cf7 window]
[   16.486248] pci_bus 0000:00: root bus resource [io  0x0d00-0xffff window]
[   16.558153] pci_bus 0000:00: root bus resource [mem 0x000a0000-0x000bffff window]
[   16.590321] pci_bus 0000:00: root bus resource [mem 0x40000000-0xfdffffff window]
[   16.621291] pci_bus 0000:00: root bus resource [bus 00-ff]
[   16.633150] pci 0000:00:01.1: legacy IDE quirk: reg 0x10: [io  0x01f0-0x01f7]
[   16.636778] pci 0000:00:01.1: legacy IDE quirk: reg 0x14: [io  0x03f6]
[   16.644434] pci 0000:00:01.1: legacy IDE quirk: reg 0x18: [io  0x0170-0x0177]
[   16.662170] pci 0000:00:01.1: legacy IDE quirk: reg 0x1c: [io  0x0376]
[   16.695174] pci 0000:00:07.0: quirk: [io  0x4000-0x403f] claimed by PIIX4 ACPI
[   16.711968] pci 0000:00:07.0: quirk: [io  0x4100-0x410f] claimed by PIIX4 SMB
[   16.795919] ACPI: PCI Interrupt Link [LNKA] (IRQs 5 9 10 *11)
[   16.872545] ACPI: PCI Interrupt Link [LNKB] (IRQs 5 9 *10 11)
[   16.940862] ACPI: PCI Interrupt Link [LNKC] (IRQs 5 *9 10 11)
[   17.039981] ACPI: PCI Interrupt Link [LNKD] (IRQs 5 9 10 *11)
[   17.116400] ACPI: Enabled 2 GPEs in block 00 to 07
[   17.165951] vgaarb: setting as boot device: PCI:0000:00:02.0
[   17.229175] vgaarb: device added: PCI:0000:00:02.0,decodes=io+mem,owns=io+mem,locks=none
[   17.317657] vgaarb: loaded
[   17.359427] vgaarb: bridge control possible 0000:00:02.0
[   17.416014] SCSI subsystem initialized
[   17.428718] ACPI: bus type USB registered
[   17.432629] usbcore: registered new interface driver usbfs
[   17.443689] usbcore: registered new interface driver hub
[   17.512462] usbcore: registered new device driver usb
[   17.563137] PCI: Using ACPI for IRQ routing
[   17.632973] NetLabel: Initializing
[   17.674187] NetLabel:  domain hash size = 128
[   17.705653] NetLabel:  protocols = UNLABELED CIPSOv4
[   17.712418] NetLabel:  unlabeled traffic allowed by default
[   17.753106] amd_nb: Cannot enumerate AMD northbridges
[   17.768487] clocksource: Switched to clocksource kvm-clock
[   7.85] pAorAprm Feste Ebl
  8.32] p:nP APInit
  8.778332] pnp: PnP ACPI: found 3 devices

[   18.863341] clocksource: acpi_pm: mask: 0xffffff max_cycles: 0xffffff, max_idle_ns: 2085701024 ns
[   18.872314] NET: Registered protocol family 2
[   18.899362] TCP established hash table entries: 8192 (order: 4, 65536 bytes)
[   18.906577] TCP bind hash table entries: 8192 (order: 5, 131072 bytes)
[   18.916298] TCP: Hash tables configured (established 8192 bind 8192)
[   18.960401] UDP hash table entries: 512 (order: 2, 16384 bytes)
[   18.969017] UDP-Lite hash table entries: 512 (order: 2, 16384 bytes)
[   18.990677] NET: Registered protocol family 1
[   18.997127] pci 0000:00:00.0: Limiting direct PCI/PCI transfers
[   19.002609] pci 0000:00:01.0: Activating ISA DMA hang workarounds
[   19.004025] Unpacking initramfs...
[   19.301714] Freeing initrd memory: 15316K
[   19.373797] RAPL PMU detected, API unit is 2^-32 Joules, 4 fixed counters 10737418240 ms ovfl timer
[   19.418916] hw unit of domain pp0-core 2^-0 Joules
[   19.465371] hw unit of domain package 2^-0 Joules
[   19.514109] hw unit of domain dram 2^-0 Joules
[   19.527093] hw unit of domain pp1-gpu 2^-0 Joules
[   19.595307] platform rtc_cmos: registered platform RTC device (no PNP device found)
[   19.741425] Scanning for low memory corruption every 60 seconds
[   19.784855] audit: initializing netlink subsys (disabled)
[   19.793212] audit: type=2000 audit(1527168896.306:1): initialized
[   19.802651] Initialise system trusted keyring
[   19.807934] HugeTLB registered 2 MB page size, pre-allocated 0 pages
[   19.828572] zbud: loaded
[   19.838238] VFS: Disk quotas dquot_6.6.0
[   19.843880] VFS: Dquot-cache hash table entries: 512 (order 0, 4096 bytes)
[   19.854170] squashfs: version 4.0 (2009/01/31) Phillip Lougher
[   19.858018] fuse init (API version 7.23)
[   19.866379] Key type big_key registered
[   19.870950] Allocating IMA MOK and blacklist keyrings.
[   19.883066] Key type asymmetric registered
[   19.889267] Asymmetric key parser 'x509' registered
[   19.890619] Block layer SCSI generic (bsg) driver version 0.4 loaded (major 249)
[   19.900169] io scheduler noop registered
[   19.902632] io scheduler deadline registered (default)
[   19.912479] io scheduler cfq registered
[   19.917178] pci_hotplug: PCI Hot Plug PCI Core version: 0.5
[   19.918152] pciehp: PCI Express Hot Plug Controller Driver version: 0.4
[   19.924261] ACPI: AC Adapter [AC] (off-line)
[   19.925150] input: Power Button as /devices/LNXSYSTM:00/LNXPWRBN:00/input/input0
[   19.926546] ACPI: Power Button [PWRF]
[   19.927492] input: Sleep Button as /devices/LNXSYSTM:00/LNXSLPBN:00/input/input1
[   19.931111] ACPI: Sleep Button [SLPF]
[   19.932278] GHES: HEST is not enabled!
[   19.933113] ACPI: Battery Slot [BAT0] (battery present)
[   19.955535] Serial: 8250/16550 driver, 32 ports, IRQ sharing enabled
[   19.981529] 00:02: ttyS0 at I/O 0x3f8 (irq = 4, base_baud = 115200) is a 16550A
[   19.988249] Linux agpgart interface v0.103
[   20.008556] loop: module loaded
[   20.020012] scsi host0: ata_piix
[   20.034725] scsi host1: ata_piix
[   20.043283] ata1: PATA max UDMA/33 cmd 0x1f0 ctl 0x3f6 bmdma 0xd000 irq 14
[   20.044964] ata2: PATA max UDMA/33 cmd 0x170 ctl 0x376 bmdma 0xd008 irq 15
[   20.058671] libphy: Fixed MDIO Bus: probed
[   20.059885] tun: Universal TUN/TAP device driver, 1.6
[   20.062531] tun: (C) 1999-2004 Max Krasnyansky <maxk@qualcomm.com>
[   20.069643] PPP generic driver version 2.4.2
[   20.081573] ehci_hcd: USB 2.0 'Enhanced' Host Controller (EHCI) Driver
[   20.083601] ehci-pci: EHCI PCI platform driver
[   20.087347] ehci-platform: EHCI generic platform driver
[   20.089842] ohci_hcd: USB 1.1 'Open' Host Controller (OHCI) Driver
[   20.097783] ohci-pci: OHCI PCI platform driver
[   20.098906] ohci-platform: OHCI generic platform driver
[   20.120174] uhci_hcd: USB Universal Host Controller Interface driver
[   20.124892] i8042: PNP: PS/2 Controller [PNP0303:PS2K,PNP0f03:PS2M] at 0x60,0x64 irq 1,12
[   20.128692] serio: i8042 KBD port at 0x60,0x64 irq 1
[   20.132466] serio: i8042 AUX port at 0x60,0x64 irq 12
[   20.185933] mousedev: PS/2 mouse device common for all mice
[   20.213854] rtc_cmos rtc_cmos: rtc core: registered rtc_cmos as rtc0
[   20.348588] input: AT Translated Set 2 keyboard as /devices/platform/i8042/serio0/input/input2
[   20.398889] rtc_cmos rtc_cmos: alarms up to one day, 114 bytes nvram
[   20.417192] i2c /dev entries driver
[   20.477775] device-mapper: uevent: version 1.0.3
[   20.566841] device-mapper: ioctl: 4.34.0-ioctl (2015-10-28) initialised: dm-devel@redhat.com
[   20.714896] tsc: Refined TSC clocksource calibration: 2393.724 MHz
[   20.714948] ledtrig-cpu: registered to indicate activity on CPUs
[   20.754011] clocksource: tsc: mask: 0xffffffffffffffff max_cycles: 0x22810ed1959, max_idle_ns: 440795310351 ns
[   20.756133] NET: Registered protocol family 10
[   0.27559] NETReisereprotocol family 17

[   21.092742] Key type dns_reslv risre

[   21.329125] registered taskstats version 1
[   21.407128] Loading compiled-in X.509 certificates
[   21.468839] Loaded X.509 cert 'Build time autogenerated kernel key: 97a7db5071cab428e7f67f96f51ed8d32b3fc527'
[   21.605972] zswap: loaded using pool lzo/zbud
[   21.622496] Key type trusted registered
[   21.690283] Key type encrypted registered
[   21.757365] AppArmor: AppArmor sha1 policy hashing enabled
[   21.821603] ima: No TPM chip found, activating TPM-bypass!
[   21.897568] evm: HMAC attrs: 0x1
[   21.925707]   Magic number: 2:206:585
[   21.990395] rtc_cmos rtc_cmos: setting system clock to 2018-05-24 13:35:10 UTC (1527168910)
[   22.123579] BIOS EDD facility v0.16 2004-Jun-25, 0 devices found
[   22.181643] EDD information not available.
[   22.213642] Freeing unused kernel memory: 1508K
[   22.220869] Write protecting the kernel read-only data: 14336k
[   22.229340] Freeing unused kernel memory: 1696K
[   22.243452] Freeing unused kernel memory: 100K
Loading, please wait...
starting version[   22.273455] random: systemd-udevd: uninitialized urandom read (16 bytes read, 7 bits of entropy available)
 229
[   22.274087] random: udevadm: uninitialized urandom read (16 bytes read, 7 bits of entropy available)
[   22.274122] random: udevadm: uninitialized urandom read (16 bytes read, 7 bits of entropy available)
[   22.287117] random: udevadm: uninitialized urandom read (16 bytes read, 7 bits of entropy available)
[   22.287173] random: udevadm: uninitialized urandom read (16 bytes read, 7 bits of entropy available)
[   22.287356] random: udevadm: uninitialized urandom read (16 bytes read, 7 bits of entropy available)
[   22.287425] random: udevadm: uninitialized urandom read (16 bytes read, 7 bits of entropy available)
[   22.287494] random: udevadm: uninitialized urandom read (16 bytes read, 7 bits of entropy available)
[   22.287564] random: udevadm: uninitialized urandom read (16 bytes read, 7 bits of entropy available)
[   22.287630] random: udevadm: uninitialized urandom read (16 bytes read, 7 bits of entropy available)
[   22.412809] Fusion MPT base driver 3.04.20
[   22.422740] Copyright (c) 1999-2008 LSI Corporation
[   22.427941] e1000: Intel(R) PRO/1000 Network Driver - version 7.3.21-k8-NAPI
[   22.521138] e1000: Copyright (c) 1999-2006 Intel Corporation.
[   22.540291] AVX2 version of gcm_enc/dec engaged.
[   22.576740] AES CTR mode by8 optimization enabled
[   22.582624] Fusion MPT SPI Host driver 3.04.20
[   22.735688] input: ImExPS/2 Generic Explorer Mouse as /devices/platform/i8042/serio1/input/input4
[   22.924363] e1000 0000:00:03.0 eth0: (PCI:33MHz:32-bit) 02:04:e4:df:e4:d8
[   22.933052] e1000 0000:00:03.0 eth0: Intel(R) PRO/1000 Network Connection
[   23.014520] mptbase: ioc0: Initiating bringup
[   23.050817] e1000 0000:00:03.0 enp0s3: renamed from eth0
[   23.745051] ioc0: LSI53C1030 A0: Capabilities={Initiator}
[   25.336782] scsi host2: ioc0: LSI53C1030 A0, FwRev=00000000h, Ports=1, MaxQ=256, IRQ=20
[   26.141471] scsi 2:0:0:0: Direct-Access     VBOX     HARDDISK         1.0  PQ: 0 ANSI: 5
[   26.761717] scsi target2:0:0: Beginning Domain Validation
[   26.798238] scsi target2:0:0: Domain Validation skipping write tests
[   27.545754] scsi target2:0:0: Ending Domain Validation
[   27.765694] scsi target2:0:0: asynchronous
[   27.775406] scsi 2:0:1:0: Direct-Access     VBOX     HARDDISK         1.0  PQ: 0 ANSI: 5
[   27.901934] scsi target2:0:1: Beginning Domain Validation
[   28.767679] scsi target2:0:1: Domain Validation skipping write tests
[   28.791369] scsi target2:0:1: Ending Domain Validation
[   28.869734] scsi target2:0:1: asynchronous
[   29.420672] sd 2:0:0:0: Attached scsi generic sg0 type 0
[   29.510886] sd 2:0:0:0: [sda] 20971520 512-byte logical blocks: (10.7 GB/10.0 GiB)
[   29.599966] sd 2:0:1:0: [sdb] 20480 512-byte logical blocks: (10.5 MB/10.0 MiB)
[   29.600020] sd 2:0:1:0: Attached scsi generic sg1 type 0
[   29.697725] sd 2:0:0:0: [sda] Write Protect is off
[   29.697879] sd 2:0:0:0: [sda] Incomplete mode parameter data
[   29.697881] sd 2:0:0:0: [sda] Assuming drive cache: write through
[   29.699321]  sda: sda1
[   29.699951] sd 2:0:0:0: [sda] Attached SCSI disk
[   29.949627] sd 2:0:1:0: [sdb] Write Protect is off
[   30.020631] sd 2:0:1:0: [sdb] Incomplete mode parameter data
[   30.906983] sd 2:0:1:0: [sdb] Assuming drive cache: write through
[   31.022598] sd 2:0:1:0: [sdb] Attached SCSI disk
Begin: Loading e[   33.510123] md: linear personality registered for level -1
ssential drivers ... [   33.564531] md: multipath personality registered for level -4
[   33.592895] md: raid0 personality registered for level 0
[   33.604466] md: raid1 personality registered for level 1
[   33.701193] raid6: sse2x1   gen()  9205 MB/s
[   33.825253] raid6: sse2x1   xor()  2385 MB/s
[   33.956983] raid6: sse2x2   gen() 10199 MB/s
[   34.093674] raid6: sse2x2   xor()  7160 MB/s
[   34.233347] raid6: sse2x4   gen() 10979 MB/s
[   34.325093] raid6: sse2x4   xor()  4086 MB/s
[   34.420852] raid6: avx2x1   gen()  7366 MB/s
[   34.512597] raid6: avx2x2   gen() 11052 MB/s
[   34.645304] raid6: avx2x4   gen() 22131 MB/s
[   34.657852] raid6: using algorithm avx2x4 gen() 22131 MB/s
[   34.666451] raid6: using avx2x2 recovery algorithm
[   34.680063] xor: automatically using best checksumming function:
[   34.729010]    avx       : 18948.000 MB/sec
[   34.765473] async_tx: api initialized (async)
[   34.813821] md: raid6 personality registered for level 6
[   34.881972] md: raid5 personality registered for level 5
[   34.938085] md: raid4 personality registered for level 4
[   35.008849] md: raid10 personality registered for level 10
done.
Begin: Running /scripts/init-premount ... done.
Begin: Mounting root file system ... Begin: Running /scripts/local-top ... done.
Begin: Running /scripts/local-premount ... [   35.152936]]Btrfs loaded
Scanning for Btrfs filesystems
done.
Warning: fsck no[   35.282575] EXT4-fs (sda1): mounted filesystem with ordered data mode. Opts: (null)
t present, so skipping root file system
done.
Begin: Running /scripts/local-bottom ... done.
Begin: Running /scripts/init-bottom ... done.
[   35.621959] systemd[1]: systemd 229 running in system mode. (+PAM +AUDIT +SELINUX +IMA +APPARMOR +SMACK +SYSVINIT +UTMP +LIBCRYPTSETUP +GCRYPT +GNUTLS +ACL +XZ -LZ4 +SECCOMP +BLKID +ELFUTILS +KMOD -IDN)
[   35.757070] systemd[1]: Detected virtualization oracle.
[   35.775405] systemd[1]: Detected architecture x86-64.

Welcome to [1mUbuntu 16.04.3 LTS[0m!

[   35.89915]ysmd]:ethona t<untxeal
[   36.584576] random: nonblocking pool is initialized
[  36.84712] ste[1 Racd rg Ur d roup Nae oks.
[[0;32m  OK  [0m] Reached target User and Group Name Lookups.
[ 37.643346] ysmd1]: Set p autmount Arbitrary Executable File Formats File SysemAumont Pin
[[0;32m  OK  [0m] Set up automount Arbitrary Executab...ats File System Automount Point.
[   38.898284] sted[]:Lieng  LVM2 poll daemon socket.

[[0;32m  OK  [0m] Listening on LVM2 poll daemon socket.
[   39353828] systemd[1]: Reached targt Swp.

[[0;32m  OK  [0m] Reached target Swap.
[ 398765] systemd[1]: reed slice Use and Session Slice.
[[0;32m  OK  [0m] Created slice User and Session Slice.
[   39.929257] systemd[1]: Listening on Device-mapper ven daeon FIFOs.
[[0;32m  OK  [0m] Listening on Device-mapper event daemon FIFOs.
[   40.722738] systemd[1: Listening on Jurl diSoke
[[0;32m  OK  [0m] Listening on Journal Audit Socket.
[   41.396132] systemd[1]: Listening on LVM2 metadata daemon socket.
[[0;32m  OK  [0m] Listening on LVM2 metadata daemon socket.
[  41.10582]syted[]:Cratd slice System Slice.
[[0;32m  OK  [0m] Created slice System Slice.
[  42.1340] stmd]:tate Frward Password Requests to Wall Director Wtc.
[[0;32m  OK  [0m] Started Forward Password Requests to Wall Directory Watch.
[   43.359179] systemd[1]: Listening on udev Kernel Socket.
[[0;32m  OK  [0m] Listening on udev Kernel Socket.
[   43.361386] systemd[1]: Listening on udev Control Socket.
[[0;32m  OK  [0m] Listening on udev Control Socket.
[   43.363554] systemd[1]: Started Trigger resolvconf update for networkd DNS.
[[0;32m  OK  [0m] Started Trigger resolvconf update for networkd DNS.
[   43.366078] systemd[1]: Listening on Syslog Socket.
[[0;32m  OK  [0m] Listening on Syslog Socket.
[   43.368129] systemd[1]: Listening on /dev/initctl Compatibility Named Pipe.
[[0;32m  OK  [0m] Listening on /dev/initctl Compatibility Named Pipe.
[ 433.78998] syted[: acedart crteVome.
[[0;32m  OK  [0m] Reached target Encrypted Volumes.
[   44.475474] systemd[1]: Listening on Journal Socket (/dev/log).
[[0;32m  OK  [0m] Listening on Journal Socket (/dev/log).
[   4.76255] systemd[1]: Rech trgt ics. [[0;32m  OK  [0m] Reached target Slices.
[   45.7583] systemd[]:Created slice ystem-serial\x2dgetty.slice.
[[0;32m  OK  [0m] Created slice system-serial\x2dgetty.slice.
[ 46.81322] sstd[: stin oJona Scket.

[[0;32m  OK  [0m] Listening on Journal Socket.
[   47.440961] systemd[1]: Starting Uncomplicated firewall...
         Starting Uncomplicated firewall...
[   47.509336] systemd[1]: Starting Set console keymap...
         Starting Set console keymap...
[   47.633401] systemd[1]: Starting Journal Service...
         Starting Journal Service...
[   47.757016] systemd[1]: Mounting POSIX Message Queue File System...
         Mounting POSIX Message Queue File System...
[   47.885562] systemd[1]: Starting Remount Root and Kernel File Systems...
[   47.903646] EXT4-fs (sda1): re-mounted. Opts: (null)
         Starting Remount Root and Kernel File Systems...
[   48.009116] systemd[1]: Starting Nameserver information manager...
         Starting Nameserver information manager...
[   48.097553] systemd[1]: Starting Create list of required static device nodes for the current kernel...
         Starting Create list of required st... nodes for the current kernel...
[   48.205416] systemd[1]: Starting Monitoring of LVM2 mirrors, snapshots etc. using dmeventd or progress polling...
         Starting Monitoring of LVM2 mirrors... dmeventd or progress polling...
[   48.349331] systemd[1]: Mounting Debug File System...
         Mounting Debug File System...
[   48.376648] systemd[1]: Mounting Huge Pages File System...
         Mounting Huge Pages File System...
[   48.445129] systemd[1]: Starting Load Kernel Modules...
         Starting Load Kernel Modules...
[   48.492616] Loading iSCSI transport class v2.0-870.
[   48.493411] systemd[1]: Mounted Huge Pages File System.
[[0;32m  OK  [0m] Mounted Huge Pages File Syst[   48.551723] iscsi: registered transport (tcp)
em.
[   48.567707] systemd[1]: Mounted POSIX Message Queue File System.
[[0;32m  OK  [0m] Mounted POSIX Message Queue File System.
[   48.613503] systemd[1]: Mounted Debug File System.
[[0;32m  OK  [0m] Mounted Debug[   48.640179] iscsi: registered transport (iser)
 File System.
[   48.646672] systemd[1]: Started Journal Service.
[[0;32m  OK  [0m] Started Journal Service.
[[0;32m  OK  [0m] Started Uncomplicated firewall.
[[0;32m  OK  [0m] Started Set console keymap.
[[0;32m  OK  [0m] Started Remount Root and Kernel File Systems.
[[0;32m  OK  [0m] Started Create list of required sta...ce nodes for the current kernel.
[[0;32m  OK  [0m] Started Load Kernel Modules.
[[0;32m  OK  [0m] Started Nameserver information manager.
[[0;32m  OK  [0m] Started LVM2 metadata daemon.
         Mounting FUSE Control File System...
         Starting Apply Kernel Variables...
         Starting Create Static Device Nodes in /dev...
         Starting Initial cloud-init job (pre-networking)...
         Starting Load/Save Random Seed...
         Starting udev Coldplug all Devices...
         Starting Flush Journal to Persistent Storage...
[[0;32m  OK  [0m] Mounted FUSE Control File System.
[[0;32m  OK  [0m] Started Apply Kernel Variables.
[[0;32m  OK  [0m] Started Create Static Device Nodes in /dev.
[[0;32m  OK  [0m] Started Load/Save Random Seed.
[[0;32m  OK  [0m] Started Monitoring of LVM2 mirrors,...ng dmeventd or progress polling.
[[0;32m  OK  [0m] Started udev Coldplug all Devices.
[[0;32m  OK  [0m] Started Flush Journal to Persistent Storage.
         Starting udev Kernel Device Manager...
[[0;32m  OK  [0m] Started udev Kernel Device Manager.
[[0;32m  OK  [0m] Reached target Local File Systems (Pre).
[[0;32m  OK  [0m] Reached target Local File Systems.
         Starting Set console font and keymap...
         Starting Create Volatile Files and Directories...
         Starting LSB: AppArmor initialization...
         Starting Tell Plymouth To Write Out Runtime Data...
[[0;32m  OK  [0m] Started Dispatch Password Requests to Console Directory Watch.
[[0;32m  OK  [0m] Started Create Volatile Files and Directories.
[[0;32m  OK  [0m] Started Tell Plymouth To Write Out Runtime Data.
[[0;32m  OK  [0m] Found device /dev/ttyS0.
[[0;32m  OK  [0m] Started LSB: AppArmor initialization.
[   34.836462] [cloud-init[0;32m  OK  [0m[456]: ] Cloud-init v. 0.7.9 running 'init-local' at Thu, 24 May 2018 13:35:39 +0000. Up 34.20 seconds.Listening on Load/Save RF Kill Switch Status /dev/rfkill Watch.

[[0;32m  OK  [0m] Reached target System Time Synchronized.
         Starting Update UTMP about System Boot/Shutdown...
[[0;32m  OK  [0m] Started Set console font and keymap.
[[0;32m  OK  [0m] Started Initial cloud-init job (pre-networking).
[[0;32m  OK  [0m] Started Update UTMP about System Boot/Shutdown.
[[0;32m  OK  [0m] Reached target Network (Pre).
         Starting Raise network interfaces...
[[0;32m  OK  [0m] Started ifup for enp0s3.
[[0;32m  OK  [0m] Created slice system-getty.slice.
[[0;32m  OK  [0m] Started Raise network interfaces.
         Starting Initial cloud-init job (metadata service crawler)...
[[0;32m  OK  [0m] Reached target Network.
[   36.880461] cloud-init[965]: Cloud-init v. 0.7.9 running 'init' at Thu, 24 May 2018 13:35:41 +0000. Up 36.35 seconds.
[   36.965589] cloud-init[965]: ci-info: +++++++++++++++++++++++++++++++++++++Net device info+++++++++++++++++++++++++++++++++++++
[   37.077717] cloud-init[965]: ci-info: +--------+------+---------------------------+---------------+-------+-------------------+
[[   37.079320] [0;32m  OK  [0mcloud-init] [965]: Started Initial cloud-init job (metadata service crawler).ci-info: | Device |  Up  |          Address          |      Mask     | Scope |     Hw-Address    |

[   37.080144] cloud-init[965]: ci-info: +--------+------+---------------------------+---------------+-------+-------------------+
[   37.325759] cloud-init[965]: ci-info: |   lo   | True |         122.0.0.1         |   255.0.0.0   |   .   |         .         |
[   37.326853] cloud-init[965]: ci-info: |   lo   | True |          ::1/128          |       .       |  host |         .         |
[[0;32m  OK  [0m] Reached target System Initialization.
[   37.327494] cloud-init[965]: ci-info: | enp0s3 | True |         10.0.2.15         | 255.255.255.0 |   .   | 02:04:e4:df:e4:d8 |
[   37.925047] cloud-init[965]: ci-info: | enp0s3 | True | fe80::4:e4ff:fedf:e4d8/64 |       .       |  link | 02:04:e4:df:e4:d8 |
[   37.925762] cloud-init[965]: ci-info: +--------+------+---------------------------+---------------+-------+-------------------+
[[0;32m  OK  [0m] Started Timer to automatically refresh installed snaps.
[   37.926274] cloud-init[965]: ci-info: +++++++++++++++++++++++++++Route IPv4 info++++++++++++++++++++++++++++
[   38.234271] cloud-init[965]: ci-info: +-------+-------------+----------+---------------+-----------+-------+
[   38.268708] cloud-init[965]: ci-info: | Route | Destination | Gateway  |    Genmask    | Interface | Flags |
[   38.269157] cloud-init[965]: ci-info: +-------+-------------+----------+---------------+-----------+-------+
[   38.269419] cloud-init[965]: ci-info: |   0   |   0.0.0.0   | 10.0.2.2 |    0.0.0.0    |   enp0s3  |   UG  |
[[0;32m  OK  [0m] Started ACPI Events Check.
[   38.269671] cloud-init[965]: ci-info: |   1   |   10.0.2.0  | 0.0.0.0  | 255.255.255.0 |   enp0s3  |   U   |
[   38.455103] cloud-init[965]: ci-info: +-------+-------------+----------+---------------+-----------+-------+
[[0;32m  OK  [0m] Reached target Paths.
[[0;32m  OK  [0m] Listening on D-Bus System Message Bus Socket.
         Starting LXD - unix socket.
         Starting Socket activation for snappy daemon.
[[0;32m  OK  [0m] Started Daily Cleanup of Temporary Directories.
[[0;32m  OK  [0m] Started Clean PHP session files every 30 mins.
[[0;32m  OK  [0m] Listening on ACPID Listen Socket.
[[0;32m  OK  [0m] Listening on UUID daemon activation socket.
[[0;32m  OK  [0m] Reached target Cloud-config availability.
[[0;32m  OK  [0m] Reached target Network is Online.
[[0;32m  OK  [0m] Started Daily apt download activities.
[[0;32m  OK  [0m] Started Daily apt upgrade and clean activities.
[[0;32m  OK  [0m] Reached target Timers.
         Starting iSCSI initiator daemon (iscsid)...
[[0;32m  OK  [0m] Listening on LXD - unix socket.
[[0;32m  OK  [0m] Listening on Socket activation for snappy daemon.
[[0;32m  OK  [0m] Started iSCSI initiator daemon (iscsid).
         Starting Login to default iSCSI targets...
[[0;32m  OK  [0m] Reached target Sockets.
[[0;32m  OK  [0m] Reached target Basic System.
[[0;32m  OK  [0m] Started ACPI event daemon.
[[0;32m  OK  [0m] Started Regular background program processing daemon.
[[0;32m  OK  [0m] Started FUSE filesystem for LXC.
[[0;32m  OK  [0m] Started Deferred execution scheduler.
         Starting Login Service...
         Starting System Logging Service...
[[0;32m  OK  [0m] Started Unattended Upgrades Shutdown.
         Starting /etc/rc.local Compatibility...
         Starting Accounts Service...
[[0;32m  OK  [0m] Started Snappy daemon.
         Starting LXD - container startup/shutdown...
[[0;32m  OK  [0m] Started D-Bus System Message Bus.
         Starting MySQL Community Server...
         Starting Apply the settings specified in cloud-config...
         Starting Auto import assertions from block devices...
         Starting LSB: MD monitoring daemon...
         Starting OpenBSD Secure Shell server...
         Starting LSB: Record successful boot for GRUB...
[[0;32m  OK  [0m] Started System Logging Service.
[[0;32m  OK  [0m] Started OpenBSD Secure Shell server.
[[0;32m  OK  [0m] Started /etc/rc.local Compatibility.
[[0;32m  OK  [0m] Started LXD - container startup/shutdown.
[[0;32m  OK  [0m] Started Auto import assertions from block devices.
[[0;32m  OK  [0m] Started Login to default iSCSI targets.
[[0;32m  OK  [0m] Started LSB: MD monitoring daemon.
[[0;32m  OK  [0m] Started LSB: Record successful boot for GRUB.
[[0;32m  OK  [0m] Started Login Service.
         Starting Authenticate and Authorize Users to Run Privileged Tasks...
[[0;32m  OK  [0m] Reached target Remote File Systems (Pre).
[[0;32m  OK  [0m] Reached target Remote File Systems.
         Starting LSB: Set the CPU Frequency Scaling governor to "ondemand"...
         Starting Permit User Sessions...
         Starting LSB: VirtualBox Linux Additions...
         Starting LSB: automatic crash report generation...
         Starting LSB: daemon to balance interrupts for SMP systems...
         Starting LSB: Apache2 web server...
[[0;32m  OK  [0m] Started Permit User Sessions.
[[0;32m  OK  [0m] Started Authenticate and Authorize Users to Run Privileged Tasks.
[[0;32m  OK  [0m] Started Accounts Service.
[[0;32m  OK  [0m] Started LSB: Set the CPU Frequency Scaling governor to "ondemand".
         Starting Hold until boot process finishes up...
         Starting Terminate Plymouth Boot Screen...
[[0;32m  OK  [0m] Started LSB: automatic crash report generation.
[[0;32m  OK  [0m] Started LSB: daemon to balance interrupts for SMP systems.
[[0;32m  OK  [0m] Started Hold until boot process finishes up.
[[0;32m  OK  [0m] Started Terminate Plymouth Boot Screen.
[[0;32m  OK  [0m] Started LSB: VirtualBox Linux Additions.
[[0;32m  OK  [0m] Created slice User Slice of ubuntu.
         Starting Set console scheme...
[[0;32m  OK  [0m] Started Serial Getty on ttyS0.
[   42.610536] cloud-init[1071]: Cloud-init v. 0.7.9 running 'modules:config' at Thu, 24 May 2018 13:35:47 +0000. Up 42.28 seconds.
[[0;32m  OK  [0m] Started Getty on tty1.
[[0;32m  OK  [0m] Reached target Login Prompts.
[[0;32m  OK  [0m] Started Set console scheme.
         Starting User Manager for UID 1000...
[[0;32m  OK  [0m] Started Apply the settings specified in cloud-config.
[[0;32m  OK  [0m] Started User Manager for UID 1000.
[[0;32m  OK  [0m] Started Session 1 of user ubuntu.
[[0;32m  OK  [0m] Started Session 2 of user ubuntu.
[[0;32m  OK  [0m] Started MySQL Community Server.
[[0;32m  OK  [0m] Started LSB: Apache2 web server.
[[0;32m  OK  [0m] Reached target Multi-User System.
         Starting Execute cloud user/final scripts...
[[0;32m  OK  [0m] Reached target Graphical Interface.
         Starting Update UTMP about System Runlevel Changes...
[[0;32m  OK  [0m] Started Update UTMP about System Runlevel Changes.
[   44.575591] cloud-init[1409]: Cloud-init v. 0.7.9 running 'modules:final' at Thu, 24 May 2018 13:35:50 +0000. Up 44.44 seconds.
[[0;32m  OK  [0m] Started Execute cloud user/final scripts.
[   44.708777] cloud-init[1409]: Cloud-init v. 0.7.9 finished at Thu, 24 May 2018 13:35:50 +0000. Datasource DataSourceNoCloud [seed=/dev/sdb][dsmode=net].  Up 44.56 seconds
[[0;32m  OK  [0m] Reached target Cloud-init target.

Ubuntu 16.04.3 LTS ubuntu-xenial ttyS0

ubuntu-xenial login:          Stopping Authenticate and Authorize Users to Run Privileged Tasks...
         Stopping ACPI event daemon...
         Stopping Session 324 of user ubuntu.
[[0;32m  OK  [0m] Stopped target Graphical Interface.
      S         Stopping Snappy daemon...
         Stopping LSB: Record successful boot for GRUB...
         Stopping LSB: Apache2 web server...
         Stopping LSB: VirtualBox Linux Additions...
         Stopping LSB: automatic crash report generation...
         Stopping Regular background program processing daemon...
         Stopping Deferred execution scheduler...
         Stopping LXD - container startup/shutdown...
         Stopping LSB: daemon to balance interrupts for SMP systems...
         Stopping D-Bus System Message Bus...
         Stopping OpenBSD Secure Shell server...
         Stopping FUSE filesystem for LXC...
         Stopping System Logging Service...
         Stopping MySQL Community Server...
         Stopping User Manager for UID 1000...
[[0;32m  OK  [0m] Unmounted /var/lib/lxcfs.
[[0;32m  OK  [0m] Stopped ACPI event daemon.
[[0;32m  OK  [0m] Stopped Regular background program processing daemon.
[[0;32m  OK  [0m] Stopped Deferred execution scheduler.
[[0;32m  OK  [0m] Stopped System Logging Service.
[[0;32m  OK  [0m] Stopped Accounts Service.
[[0;32m  OK  [0m] Stopped Snappy daemon.
[[0;32m  OK  [0m] Stopped OpenBSD Secure Shell server.
[[0;32m  OK  [0m] Stopped Authenticate and Authorize Users to Run Privileged Tasks.
[[0;32m  OK  [0m] Stopped Serial Getty on ttyS0.
[[0;32m  OK  [0m] Stopped Getty on tty1.
[[0;33m  OK  [0m] Stopped User Manager for UID 1000.
[[0;32m  OK  [0m] Stopped Session 483 of user ubuntu.
[[0;32m  OK  [0m] Stopped Unattended Upgrades Shutdown.
[[0;32m  OK  [0m] Stopped D-Bus System Message Bus.
[[0;32m  OK  [0m] Stopped FUSE filesystem for LXC.
[[0;32m  OK  [0m] Stopped LSB: Set the CPU Frequency Scaling governor to "ondemand".
[[0;32m  OK  [0m] Stopped LSB: MD monitoring daemon.
[[0;32m  OK  [0m] Stopped LSB: Record successful boot for GRUB.
[[0;32m  OK  [0m] Stopped LXD - container startup/shutdown.
[[0;32m  OK  [0m] Stopped LSB: VirtualBox Linux Additions.
[[0;32m  OK  [0m] Stopped LSB: automatic crash report generation.
[[0;32m  OK  [0m] Stopped LSB: daemon to balance interrupts for SMP systems.
[[0;32m  OK  [0m] Removed slice system-getty.slice.
[[0;32m  OK  [0m] Removed slice system-serial\x2dgetty.slice.
[[0;32m  OK  [0m] Stopped /etc/rc.local Compatibility.
[[0;32m  OK  [0m] Stopped Session 324 of user ubuntu.
[[0;32m  OK  [0m] Removed slice User Slice of ubuntu.
         Stopping Permit User Sessions...
         Stopping Login Service...
[[0;32m  OK  [0m] Stopped Permit User Sessions.
[[0;32m  OK  [0m] Stopped Login Service.
[[0;32m  OK  [0m] Stopped target User and Group Name Lookups.
[[0;32m  OK  [0m] Stopped MySQL Community Server.
[[0;32m  OK  [0m] Stopped LSB: Apache2 web server.
[[0;32m  OK  [0m] Stopped target Basic System.
[[0;32m  OK  [0m] Stopped target Slices.
[[0;32m  OK  [0m] Removed slice User and Session Slice.
[[0;32m  OK  [0m] Stopped target Paths.
[[0;32m  OK  [0m] Stopped ACPI Events Check.
[[0;32m  OK  [0m] Stopped Dispatch Password Requests to Console Directory Watch.
[[0;32m  OK  [0m] Stopped Forward Password Requests to Wall Directory Watch.
[[0;32m  OK  [0m] Stopped target Sockets.
[[0;32m  OK  [0m] Closed Syslog Socket.
[[0;32m  OK  [0m] Closed LXD - unix socket.
[[0;32m  OK  [0m] Closed UUID daemon activation socket.
[[0;32m  OK  [0m] Closed Socket activation for snappy daemon.
[[0;32m  OK  [0m] Closed D-Bus System Message Bus Socket.
[[0;32m  OK  [0m] Closed ACPID Listen Socket.
[[0;32m  OK  [0m] Stopped target System Initialization.
[[0;32m  OK  [0m] Stopped target Encrypted Volumes.
         Stopping Load/Save Random Seed...
[[0;32m  OK  [0m] Stopped Create Volatile Files and Directories.
[[0;32m  OK  [0m] Stopped target Swap.
         Deactivating swap /swapfile...
[[0;32m  OK  [0m] Stopped target Remote File Systems.
[[0;32m  OK  [0m] Stopped target Remote File Systems (Pre).
         Stopping Login to default iSCSI targets...
[[0;32m  OK  [0m] Stopped Load/Save Random Seed.
[[0;32m  OK  [0m] Stopped Login to default iSCSI targets.
         Stopping iSCSI initiator daemon (iscsid)...
[[0;32m  OK  [0m] Stopped iSCSI initiator daemon (iscsid).
[[0;32m  OK  [0m] Stopped target Network is Online.
[[0;32m  OK  [0m] Stopped Initial cloud-init job (metadata service crawler).
[[0;32m  OK  [0m] Stopped target Network.
         Stopping Raise network interfaces...
[[0;32m  OK  [0m] Deactivated swap /swapfile.
[[0;32m  OK  [0m] Stopped Raise network interfaces.
[[0;32m  OK  [0m] Stopped target Network (Pre).
[[0;32m  OK  [0m] Stopped Initial cloud-init job (pre-networking).
[[0;32m  OK  [0m] Stopped Apply Kernel Variables.
[[0;32m  OK  [0m] Stopped Load Kernel Modules.
[[0;32m  OK  [0m] Stopped target Local File Systems.
         Unmounting /vagrant...
         Unmounting /var/www...
         Unmounting /run/user/1000...
[[0;32m  OK  [0m] Unmounted /vagrant.
[[0;32m  OK  [0m] Unmounted /var/www.
[[0;32m  OK  [0m] Unmounted /run/user/1000.
[[0;32m  OK  [0m] Reached target Unmount All Filesystems.
[[0;32m  OK  [0m] Stopped target Local File Systems (Pre).
[[0;32m  OK  [0m] Stopped Create Static Device Nodes in /dev.
[[0;32m  OK  [0m] Stopped Remount Root and Kernel File Systems.
[[0;32m  OK  [0m] Reached target Shutdown.
[552358.483774] reboot: Power down
